The system is: Darwin - 14.1.0 - x86_64
Compiling the C compiler identification source file "CMakeCCompilerId.c" succeeded.
Compiler: /usr/bin/cc 
Build flags: -arch;x86_64
Id flags: 

The output was:
0


Compilation of the C compiler identification source "CMakeCCompilerId.c" produced "a.out"

The C compiler identification is AppleClang, found in "/Users/tbgunter/anaconda/conda-bld/work/dlib-18.16/build/CMakeFiles/3.1.3/CompilerIdC/a.out"

Compiling the CXX compiler identification source file "CMakeCXXCompilerId.cpp" succeeded.
Compiler: /usr/bin/c++ 
Build flags: -arch;x86_64
Id flags: 

The output was:
0


Compilation of the CXX compiler identification source "CMakeCXXCompilerId.cpp" produced "a.out"

The CXX compiler identification is AppleClang, found in "/Users/tbgunter/anaconda/conda-bld/work/dlib-18.16/build/CMakeFiles/3.1.3/CompilerIdCXX/a.out"

Determining if the C compiler works passed with the following output:
Change Dir: /Users/tbgunter/anaconda/conda-bld/work/dlib-18.16/build/CMakeFiles/CMakeTmp

Run Build Command:"/usr/bin/make" "cmTryCompileExec2678168207/fast"
/Applications/Xcode.app/Contents/Developer/usr/bin/make -f CMakeFiles/cmTryCompileExec2678168207.dir/build.make CMakeFiles/cmTryCompileExec2678168207.dir/build
/usr/local/Cellar/cmake/3.1.3/bin/cmake -E cmake_progress_report /Users/tbgunter/anaconda/conda-bld/work/dlib-18.16/build/CMakeFiles/CMakeTmp/CMakeFiles 1
Building C object CMakeFiles/cmTryCompileExec2678168207.dir/testCCompiler.c.o
/usr/bin/cc   -arch x86_64   -isysroot /Applications/Xcode.app/Contents/Developer/Platforms/MacOSX.platform/Developer/SDKs/MacOSX10.10.sdk -mmacosx-version-min=10.5   -o CMakeFiles/cmTryCompileExec2678168207.dir/testCCompiler.c.o   -c /Users/tbgunter/anaconda/conda-bld/work/dlib-18.16/build/CMakeFiles/CMakeTmp/testCCompiler.c
Linking C executable cmTryCompileExec2678168207
/usr/local/Cellar/cmake/3.1.3/bin/cmake -E cmake_link_script CMakeFiles/cmTryCompileExec2678168207.dir/link.txt --verbose=1
/usr/bin/cc  -arch x86_64   -isysroot /Applications/Xcode.app/Contents/Developer/Platforms/MacOSX.platform/Developer/SDKs/MacOSX10.10.sdk -mmacosx-version-min=10.5 -Wl,-search_paths_first -Wl,-headerpad_max_install_names  -L/Users/tbgunter/anaconda/envs/_build/lib -arch x86_64 CMakeFiles/cmTryCompileExec2678168207.dir/testCCompiler.c.o  -o cmTryCompileExec2678168207  


Detecting C compiler ABI info compiled with the following output:
Change Dir: /Users/tbgunter/anaconda/conda-bld/work/dlib-18.16/build/CMakeFiles/CMakeTmp

Run Build Command:"/usr/bin/make" "cmTryCompileExec2440963181/fast"
/Applications/Xcode.app/Contents/Developer/usr/bin/make -f CMakeFiles/cmTryCompileExec2440963181.dir/build.make CMakeFiles/cmTryCompileExec2440963181.dir/build
/usr/local/Cellar/cmake/3.1.3/bin/cmake -E cmake_progress_report /Users/tbgunter/anaconda/conda-bld/work/dlib-18.16/build/CMakeFiles/CMakeTmp/CMakeFiles 1
Building C object CMakeFiles/cmTryCompileExec2440963181.dir/CMakeCCompilerABI.c.o
/usr/bin/cc   -arch x86_64   -isysroot /Applications/Xcode.app/Contents/Developer/Platforms/MacOSX.platform/Developer/SDKs/MacOSX10.10.sdk -mmacosx-version-min=10.5   -o CMakeFiles/cmTryCompileExec2440963181.dir/CMakeCCompilerABI.c.o   -c /usr/local/Cellar/cmake/3.1.3/share/cmake/Modules/CMakeCCompilerABI.c
Linking C executable cmTryCompileExec2440963181
/usr/local/Cellar/cmake/3.1.3/bin/cmake -E cmake_link_script CMakeFiles/cmTryCompileExec2440963181.dir/link.txt --verbose=1
/usr/bin/cc  -arch x86_64   -isysroot /Applications/Xcode.app/Contents/Developer/Platforms/MacOSX.platform/Developer/SDKs/MacOSX10.10.sdk -mmacosx-version-min=10.5 -Wl,-search_paths_first -Wl,-headerpad_max_install_names -v -Wl,-v CMakeFiles/cmTryCompileExec2440963181.dir/CMakeCCompilerABI.c.o  -o cmTryCompileExec2440963181   
Apple LLVM version 6.1.0 (clang-602.0.53) (based on LLVM 3.6.0svn)
Target: x86_64-apple-darwin14.1.0
Thread model: posix
 "/Applications/Xcode.app/Contents/Developer/Toolchains/XcodeDefault.xctoolchain/usr/bin/ld" -demangle -dynamic -arch x86_64 -macosx_version_min 10.5.0 -syslibroot /Applications/Xcode.app/Contents/Developer/Platforms/MacOSX.platform/Developer/SDKs/MacOSX10.10.sdk -o cmTryCompileExec2440963181 -lcrt1.10.5.o -search_paths_first -headerpad_max_install_names -v CMakeFiles/cmTryCompileExec2440963181.dir/CMakeCCompilerABI.c.o -lSystem -lgcc_s.10.5 /Applications/Xcode.app/Contents/Developer/Toolchains/XcodeDefault.xctoolchain/usr/bin/../lib/clang/6.1.0/lib/darwin/libclang_rt.osx.a
@(#)PROGRAM:ld  PROJECT:ld64-242.2
configured to support archs: armv6 armv7 armv7s arm64 i386 x86_64 x86_64h armv6m armv7m armv7em
Library search paths:
	/Applications/Xcode.app/Contents/Developer/Platforms/MacOSX.platform/Developer/SDKs/MacOSX10.10.sdk/usr/lib
Framework search paths:
	/Applications/Xcode.app/Contents/Developer/Platforms/MacOSX.platform/Developer/SDKs/MacOSX10.10.sdk/System/Library/Frameworks/


Parsed C implicit link information from above output:
  link line regex: [^( *|.*[/\])(ld|([^/\]+-)?ld|collect2)[^/\]*( |$)]
  ignore line: [Change Dir: /Users/tbgunter/anaconda/conda-bld/work/dlib-18.16/build/CMakeFiles/CMakeTmp]
  ignore line: []
  ignore line: [Run Build Command:"/usr/bin/make" "cmTryCompileExec2440963181/fast"]
  ignore line: [/Applications/Xcode.app/Contents/Developer/usr/bin/make -f CMakeFiles/cmTryCompileExec2440963181.dir/build.make CMakeFiles/cmTryCompileExec2440963181.dir/build]
  ignore line: [/usr/local/Cellar/cmake/3.1.3/bin/cmake -E cmake_progress_report /Users/tbgunter/anaconda/conda-bld/work/dlib-18.16/build/CMakeFiles/CMakeTmp/CMakeFiles 1]
  ignore line: [Building C object CMakeFiles/cmTryCompileExec2440963181.dir/CMakeCCompilerABI.c.o]
  ignore line: [/usr/bin/cc   -arch x86_64   -isysroot /Applications/Xcode.app/Contents/Developer/Platforms/MacOSX.platform/Developer/SDKs/MacOSX10.10.sdk -mmacosx-version-min=10.5   -o CMakeFiles/cmTryCompileExec2440963181.dir/CMakeCCompilerABI.c.o   -c /usr/local/Cellar/cmake/3.1.3/share/cmake/Modules/CMakeCCompilerABI.c]
  ignore line: [Linking C executable cmTryCompileExec2440963181]
  ignore line: [/usr/local/Cellar/cmake/3.1.3/bin/cmake -E cmake_link_script CMakeFiles/cmTryCompileExec2440963181.dir/link.txt --verbose=1]
  ignore line: [/usr/bin/cc  -arch x86_64   -isysroot /Applications/Xcode.app/Contents/Developer/Platforms/MacOSX.platform/Developer/SDKs/MacOSX10.10.sdk -mmacosx-version-min=10.5 -Wl,-search_paths_first -Wl,-headerpad_max_install_names -v -Wl,-v CMakeFiles/cmTryCompileExec2440963181.dir/CMakeCCompilerABI.c.o  -o cmTryCompileExec2440963181   ]
  ignore line: [Apple LLVM version 6.1.0 (clang-602.0.53) (based on LLVM 3.6.0svn)]
  ignore line: [Target: x86_64-apple-darwin14.1.0]
  ignore line: [Thread model: posix]
  link line: [ "/Applications/Xcode.app/Contents/Developer/Toolchains/XcodeDefault.xctoolchain/usr/bin/ld" -demangle -dynamic -arch x86_64 -macosx_version_min 10.5.0 -syslibroot /Applications/Xcode.app/Contents/Developer/Platforms/MacOSX.platform/Developer/SDKs/MacOSX10.10.sdk -o cmTryCompileExec2440963181 -lcrt1.10.5.o -search_paths_first -headerpad_max_install_names -v CMakeFiles/cmTryCompileExec2440963181.dir/CMakeCCompilerABI.c.o -lSystem -lgcc_s.10.5 /Applications/Xcode.app/Contents/Developer/Toolchains/XcodeDefault.xctoolchain/usr/bin/../lib/clang/6.1.0/lib/darwin/libclang_rt.osx.a]
    arg [/Applications/Xcode.app/Contents/Developer/Toolchains/XcodeDefault.xctoolchain/usr/bin/ld] ==> ignore
    arg [-demangle] ==> ignore
    arg [-dynamic] ==> ignore
    arg [-arch] ==> ignore
    arg [x86_64] ==> ignore
    arg [-macosx_version_min] ==> ignore
    arg [10.5.0] ==> ignore
    arg [-syslibroot] ==> ignore
    arg [/Applications/Xcode.app/Contents/Developer/Platforms/MacOSX.platform/Developer/SDKs/MacOSX10.10.sdk] ==> ignore
    arg [-o] ==> ignore
    arg [cmTryCompileExec2440963181] ==> ignore
    arg [-lcrt1.10.5.o] ==> lib [crt1.10.5.o]
    arg [-search_paths_first] ==> ignore
    arg [-headerpad_max_install_names] ==> ignore
    arg [-v] ==> ignore
    arg [CMakeFiles/cmTryCompileExec2440963181.dir/CMakeCCompilerABI.c.o] ==> ignore
    arg [-lSystem] ==> lib [System]
    arg [-lgcc_s.10.5] ==> lib [gcc_s.10.5]
    arg [/Applications/Xcode.app/Contents/Developer/Toolchains/XcodeDefault.xctoolchain/usr/bin/../lib/clang/6.1.0/lib/darwin/libclang_rt.osx.a] ==> lib [/Applications/Xcode.app/Contents/Developer/Toolchains/XcodeDefault.xctoolchain/usr/bin/../lib/clang/6.1.0/lib/darwin/libclang_rt.osx.a]
  Library search paths: [;/Applications/Xcode.app/Contents/Developer/Platforms/MacOSX.platform/Developer/SDKs/MacOSX10.10.sdk/usr/lib]
  Framework search paths: [;/Applications/Xcode.app/Contents/Developer/Platforms/MacOSX.platform/Developer/SDKs/MacOSX10.10.sdk/System/Library/Frameworks/]
  remove lib [crt1.10.5.o]
  remove lib [System]
  remove lib [gcc_s.10.5]
  collapse lib [/Applications/Xcode.app/Contents/Developer/Toolchains/XcodeDefault.xctoolchain/usr/bin/../lib/clang/6.1.0/lib/darwin/libclang_rt.osx.a] ==> [/Applications/Xcode.app/Contents/Developer/Toolchains/XcodeDefault.xctoolchain/usr/lib/clang/6.1.0/lib/darwin/libclang_rt.osx.a]
  collapse library dir [/Applications/Xcode.app/Contents/Developer/Platforms/MacOSX.platform/Developer/SDKs/MacOSX10.10.sdk/usr/lib] ==> [/Applications/Xcode.app/Contents/Developer/Platforms/MacOSX.platform/Developer/SDKs/MacOSX10.10.sdk/usr/lib]
  collapse framework dir [/Applications/Xcode.app/Contents/Developer/Platforms/MacOSX.platform/Developer/SDKs/MacOSX10.10.sdk/System/Library/Frameworks/] ==> [/Applications/Xcode.app/Contents/Developer/Platforms/MacOSX.platform/Developer/SDKs/MacOSX10.10.sdk/System/Library/Frameworks]
  implicit libs: [/Applications/Xcode.app/Contents/Developer/Toolchains/XcodeDefault.xctoolchain/usr/lib/clang/6.1.0/lib/darwin/libclang_rt.osx.a]
  implicit dirs: [/Applications/Xcode.app/Contents/Developer/Platforms/MacOSX.platform/Developer/SDKs/MacOSX10.10.sdk/usr/lib]
  implicit fwks: [/Applications/Xcode.app/Contents/Developer/Platforms/MacOSX.platform/Developer/SDKs/MacOSX10.10.sdk/System/Library/Frameworks]


Determining if the CXX compiler works passed with the following output:
Change Dir: /Users/tbgunter/anaconda/conda-bld/work/dlib-18.16/build/CMakeFiles/CMakeTmp

Run Build Command:"/usr/bin/make" "cmTryCompileExec4201119512/fast"
/Applications/Xcode.app/Contents/Developer/usr/bin/make -f CMakeFiles/cmTryCompileExec4201119512.dir/build.make CMakeFiles/cmTryCompileExec4201119512.dir/build
/usr/local/Cellar/cmake/3.1.3/bin/cmake -E cmake_progress_report /Users/tbgunter/anaconda/conda-bld/work/dlib-18.16/build/CMakeFiles/CMakeTmp/CMakeFiles 1
Building CXX object CMakeFiles/cmTryCompileExec4201119512.dir/testCXXCompiler.cxx.o
/usr/bin/c++    -arch x86_64   -isysroot /Applications/Xcode.app/Contents/Developer/Platforms/MacOSX.platform/Developer/SDKs/MacOSX10.10.sdk -mmacosx-version-min=10.5   -o CMakeFiles/cmTryCompileExec4201119512.dir/testCXXCompiler.cxx.o -c /Users/tbgunter/anaconda/conda-bld/work/dlib-18.16/build/CMakeFiles/CMakeTmp/testCXXCompiler.cxx
Linking CXX executable cmTryCompileExec4201119512
/usr/local/Cellar/cmake/3.1.3/bin/cmake -E cmake_link_script CMakeFiles/cmTryCompileExec4201119512.dir/link.txt --verbose=1
/usr/bin/c++   -arch x86_64   -isysroot /Applications/Xcode.app/Contents/Developer/Platforms/MacOSX.platform/Developer/SDKs/MacOSX10.10.sdk -mmacosx-version-min=10.5 -Wl,-search_paths_first -Wl,-headerpad_max_install_names  -L/Users/tbgunter/anaconda/envs/_build/lib -arch x86_64 CMakeFiles/cmTryCompileExec4201119512.dir/testCXXCompiler.cxx.o  -o cmTryCompileExec4201119512  


Detecting CXX compiler ABI info compiled with the following output:
Change Dir: /Users/tbgunter/anaconda/conda-bld/work/dlib-18.16/build/CMakeFiles/CMakeTmp

Run Build Command:"/usr/bin/make" "cmTryCompileExec3068553106/fast"
/Applications/Xcode.app/Contents/Developer/usr/bin/make -f CMakeFiles/cmTryCompileExec3068553106.dir/build.make CMakeFiles/cmTryCompileExec3068553106.dir/build
/usr/local/Cellar/cmake/3.1.3/bin/cmake -E cmake_progress_report /Users/tbgunter/anaconda/conda-bld/work/dlib-18.16/build/CMakeFiles/CMakeTmp/CMakeFiles 1
Building CXX object CMakeFiles/cmTryCompileExec3068553106.dir/CMakeCXXCompilerABI.cpp.o
/usr/bin/c++    -arch x86_64   -isysroot /Applications/Xcode.app/Contents/Developer/Platforms/MacOSX.platform/Developer/SDKs/MacOSX10.10.sdk -mmacosx-version-min=10.5   -o CMakeFiles/cmTryCompileExec3068553106.dir/CMakeCXXCompilerABI.cpp.o -c /usr/local/Cellar/cmake/3.1.3/share/cmake/Modules/CMakeCXXCompilerABI.cpp
Linking CXX executable cmTryCompileExec3068553106
/usr/local/Cellar/cmake/3.1.3/bin/cmake -E cmake_link_script CMakeFiles/cmTryCompileExec3068553106.dir/link.txt --verbose=1
/usr/bin/c++   -arch x86_64   -isysroot /Applications/Xcode.app/Contents/Developer/Platforms/MacOSX.platform/Developer/SDKs/MacOSX10.10.sdk -mmacosx-version-min=10.5 -Wl,-search_paths_first -Wl,-headerpad_max_install_names -v -Wl,-v CMakeFiles/cmTryCompileExec3068553106.dir/CMakeCXXCompilerABI.cpp.o  -o cmTryCompileExec3068553106   
Apple LLVM version 6.1.0 (clang-602.0.53) (based on LLVM 3.6.0svn)
Target: x86_64-apple-darwin14.1.0
Thread model: posix
 "/Applications/Xcode.app/Contents/Developer/Toolchains/XcodeDefault.xctoolchain/usr/bin/ld" -demangle -dynamic -arch x86_64 -macosx_version_min 10.5.0 -syslibroot /Applications/Xcode.app/Contents/Developer/Platforms/MacOSX.platform/Developer/SDKs/MacOSX10.10.sdk -o cmTryCompileExec3068553106 -lcrt1.10.5.o -search_paths_first -headerpad_max_install_names -v CMakeFiles/cmTryCompileExec3068553106.dir/CMakeCXXCompilerABI.cpp.o -lstdc++ -lSystem -lgcc_s.10.5 /Applications/Xcode.app/Contents/Developer/Toolchains/XcodeDefault.xctoolchain/usr/bin/../lib/clang/6.1.0/lib/darwin/libclang_rt.osx.a
@(#)PROGRAM:ld  PROJECT:ld64-242.2
configured to support archs: armv6 armv7 armv7s arm64 i386 x86_64 x86_64h armv6m armv7m armv7em
Library search paths:
	/Applications/Xcode.app/Contents/Developer/Platforms/MacOSX.platform/Developer/SDKs/MacOSX10.10.sdk/usr/lib
Framework search paths:
	/Applications/Xcode.app/Contents/Developer/Platforms/MacOSX.platform/Developer/SDKs/MacOSX10.10.sdk/System/Library/Frameworks/


Parsed CXX implicit link information from above output:
  link line regex: [^( *|.*[/\])(ld|([^/\]+-)?ld|collect2)[^/\]*( |$)]
  ignore line: [Change Dir: /Users/tbgunter/anaconda/conda-bld/work/dlib-18.16/build/CMakeFiles/CMakeTmp]
  ignore line: []
  ignore line: [Run Build Command:"/usr/bin/make" "cmTryCompileExec3068553106/fast"]
  ignore line: [/Applications/Xcode.app/Contents/Developer/usr/bin/make -f CMakeFiles/cmTryCompileExec3068553106.dir/build.make CMakeFiles/cmTryCompileExec3068553106.dir/build]
  ignore line: [/usr/local/Cellar/cmake/3.1.3/bin/cmake -E cmake_progress_report /Users/tbgunter/anaconda/conda-bld/work/dlib-18.16/build/CMakeFiles/CMakeTmp/CMakeFiles 1]
  ignore line: [Building CXX object CMakeFiles/cmTryCompileExec3068553106.dir/CMakeCXXCompilerABI.cpp.o]
  ignore line: [/usr/bin/c++    -arch x86_64   -isysroot /Applications/Xcode.app/Contents/Developer/Platforms/MacOSX.platform/Developer/SDKs/MacOSX10.10.sdk -mmacosx-version-min=10.5   -o CMakeFiles/cmTryCompileExec3068553106.dir/CMakeCXXCompilerABI.cpp.o -c /usr/local/Cellar/cmake/3.1.3/share/cmake/Modules/CMakeCXXCompilerABI.cpp]
  ignore line: [Linking CXX executable cmTryCompileExec3068553106]
  ignore line: [/usr/local/Cellar/cmake/3.1.3/bin/cmake -E cmake_link_script CMakeFiles/cmTryCompileExec3068553106.dir/link.txt --verbose=1]
  ignore line: [/usr/bin/c++   -arch x86_64   -isysroot /Applications/Xcode.app/Contents/Developer/Platforms/MacOSX.platform/Developer/SDKs/MacOSX10.10.sdk -mmacosx-version-min=10.5 -Wl,-search_paths_first -Wl,-headerpad_max_install_names -v -Wl,-v CMakeFiles/cmTryCompileExec3068553106.dir/CMakeCXXCompilerABI.cpp.o  -o cmTryCompileExec3068553106   ]
  ignore line: [Apple LLVM version 6.1.0 (clang-602.0.53) (based on LLVM 3.6.0svn)]
  ignore line: [Target: x86_64-apple-darwin14.1.0]
  ignore line: [Thread model: posix]
  link line: [ "/Applications/Xcode.app/Contents/Developer/Toolchains/XcodeDefault.xctoolchain/usr/bin/ld" -demangle -dynamic -arch x86_64 -macosx_version_min 10.5.0 -syslibroot /Applications/Xcode.app/Contents/Developer/Platforms/MacOSX.platform/Developer/SDKs/MacOSX10.10.sdk -o cmTryCompileExec3068553106 -lcrt1.10.5.o -search_paths_first -headerpad_max_install_names -v CMakeFiles/cmTryCompileExec3068553106.dir/CMakeCXXCompilerABI.cpp.o -lstdc++ -lSystem -lgcc_s.10.5 /Applications/Xcode.app/Contents/Developer/Toolchains/XcodeDefault.xctoolchain/usr/bin/../lib/clang/6.1.0/lib/darwin/libclang_rt.osx.a]
    arg [/Applications/Xcode.app/Contents/Developer/Toolchains/XcodeDefault.xctoolchain/usr/bin/ld] ==> ignore
    arg [-demangle] ==> ignore
    arg [-dynamic] ==> ignore
    arg [-arch] ==> ignore
    arg [x86_64] ==> ignore
    arg [-macosx_version_min] ==> ignore
    arg [10.5.0] ==> ignore
    arg [-syslibroot] ==> ignore
    arg [/Applications/Xcode.app/Contents/Developer/Platforms/MacOSX.platform/Developer/SDKs/MacOSX10.10.sdk] ==> ignore
    arg [-o] ==> ignore
    arg [cmTryCompileExec3068553106] ==> ignore
    arg [-lcrt1.10.5.o] ==> lib [crt1.10.5.o]
    arg [-search_paths_first] ==> ignore
    arg [-headerpad_max_install_names] ==> ignore
    arg [-v] ==> ignore
    arg [CMakeFiles/cmTryCompileExec3068553106.dir/CMakeCXXCompilerABI.cpp.o] ==> ignore
    arg [-lstdc++] ==> lib [stdc++]
    arg [-lSystem] ==> lib [System]
    arg [-lgcc_s.10.5] ==> lib [gcc_s.10.5]
    arg [/Applications/Xcode.app/Contents/Developer/Toolchains/XcodeDefault.xctoolchain/usr/bin/../lib/clang/6.1.0/lib/darwin/libclang_rt.osx.a] ==> lib [/Applications/Xcode.app/Contents/Developer/Toolchains/XcodeDefault.xctoolchain/usr/bin/../lib/clang/6.1.0/lib/darwin/libclang_rt.osx.a]
  Library search paths: [;/Applications/Xcode.app/Contents/Developer/Platforms/MacOSX.platform/Developer/SDKs/MacOSX10.10.sdk/usr/lib]
  Framework search paths: [;/Applications/Xcode.app/Contents/Developer/Platforms/MacOSX.platform/Developer/SDKs/MacOSX10.10.sdk/System/Library/Frameworks/]
  remove lib [crt1.10.5.o]
  remove lib [System]
  remove lib [gcc_s.10.5]
  collapse lib [/Applications/Xcode.app/Contents/Developer/Toolchains/XcodeDefault.xctoolchain/usr/bin/../lib/clang/6.1.0/lib/darwin/libclang_rt.osx.a] ==> [/Applications/Xcode.app/Contents/Developer/Toolchains/XcodeDefault.xctoolchain/usr/lib/clang/6.1.0/lib/darwin/libclang_rt.osx.a]
  collapse library dir [/Applications/Xcode.app/Contents/Developer/Platforms/MacOSX.platform/Developer/SDKs/MacOSX10.10.sdk/usr/lib] ==> [/Applications/Xcode.app/Contents/Developer/Platforms/MacOSX.platform/Developer/SDKs/MacOSX10.10.sdk/usr/lib]
  collapse framework dir [/Applications/Xcode.app/Contents/Developer/Platforms/MacOSX.platform/Developer/SDKs/MacOSX10.10.sdk/System/Library/Frameworks/] ==> [/Applications/Xcode.app/Contents/Developer/Platforms/MacOSX.platform/Developer/SDKs/MacOSX10.10.sdk/System/Library/Frameworks]
  implicit libs: [stdc++;/Applications/Xcode.app/Contents/Developer/Toolchains/XcodeDefault.xctoolchain/usr/lib/clang/6.1.0/lib/darwin/libclang_rt.osx.a]
  implicit dirs: [/Applications/Xcode.app/Contents/Developer/Platforms/MacOSX.platform/Developer/SDKs/MacOSX10.10.sdk/usr/lib]
  implicit fwks: [/Applications/Xcode.app/Contents/Developer/Platforms/MacOSX.platform/Developer/SDKs/MacOSX10.10.sdk/System/Library/Frameworks]


Determining if the function png_create_read_struct exists passed with the following output:
Change Dir: /Users/tbgunter/anaconda/conda-bld/work/dlib-18.16/build/CMakeFiles/CMakeTmp

Run Build Command:"/usr/bin/make" "cmTryCompileExec2009938403/fast"
/Applications/Xcode.app/Contents/Developer/usr/bin/make -f CMakeFiles/cmTryCompileExec2009938403.dir/build.make CMakeFiles/cmTryCompileExec2009938403.dir/build
/usr/local/Cellar/cmake/3.1.3/bin/cmake -E cmake_progress_report /Users/tbgunter/anaconda/conda-bld/work/dlib-18.16/build/CMakeFiles/CMakeTmp/CMakeFiles 1
Building C object CMakeFiles/cmTryCompileExec2009938403.dir/CheckFunctionExists.c.o
/usr/bin/cc   -arch x86_64  -DCHECK_FUNCTION_EXISTS=png_create_read_struct -isysroot /Applications/Xcode.app/Contents/Developer/Platforms/MacOSX.platform/Developer/SDKs/MacOSX10.10.sdk -mmacosx-version-min=10.5 -fPIE   -o CMakeFiles/cmTryCompileExec2009938403.dir/CheckFunctionExists.c.o   -c /usr/local/Cellar/cmake/3.1.3/share/cmake/Modules/CheckFunctionExists.c
Linking C executable cmTryCompileExec2009938403
/usr/local/Cellar/cmake/3.1.3/bin/cmake -E cmake_link_script CMakeFiles/cmTryCompileExec2009938403.dir/link.txt --verbose=1
/usr/bin/cc  -arch x86_64  -DCHECK_FUNCTION_EXISTS=png_create_read_struct -isysroot /Applications/Xcode.app/Contents/Developer/Platforms/MacOSX.platform/Developer/SDKs/MacOSX10.10.sdk -mmacosx-version-min=10.5 -Wl,-search_paths_first -Wl,-headerpad_max_install_names  -L/Users/tbgunter/anaconda/envs/_build/lib -arch x86_64 CMakeFiles/cmTryCompileExec2009938403.dir/CheckFunctionExists.c.o  -o cmTryCompileExec2009938403  /Users/tbgunter/anaconda/envs/_build/lib/libpng.dylib 


Determining if the function jpeg_read_header exists passed with the following output:
Change Dir: /Users/tbgunter/anaconda/conda-bld/work/dlib-18.16/build/CMakeFiles/CMakeTmp

Run Build Command:"/usr/bin/make" "cmTryCompileExec1772402341/fast"
/Applications/Xcode.app/Contents/Developer/usr/bin/make -f CMakeFiles/cmTryCompileExec1772402341.dir/build.make CMakeFiles/cmTryCompileExec1772402341.dir/build
/usr/local/Cellar/cmake/3.1.3/bin/cmake -E cmake_progress_report /Users/tbgunter/anaconda/conda-bld/work/dlib-18.16/build/CMakeFiles/CMakeTmp/CMakeFiles 1
Building C object CMakeFiles/cmTryCompileExec1772402341.dir/CheckFunctionExists.c.o
/usr/bin/cc   -arch x86_64  -DCHECK_FUNCTION_EXISTS=jpeg_read_header -isysroot /Applications/Xcode.app/Contents/Developer/Platforms/MacOSX.platform/Developer/SDKs/MacOSX10.10.sdk -mmacosx-version-min=10.5 -fPIE   -o CMakeFiles/cmTryCompileExec1772402341.dir/CheckFunctionExists.c.o   -c /usr/local/Cellar/cmake/3.1.3/share/cmake/Modules/CheckFunctionExists.c
Linking C executable cmTryCompileExec1772402341
/usr/local/Cellar/cmake/3.1.3/bin/cmake -E cmake_link_script CMakeFiles/cmTryCompileExec1772402341.dir/link.txt --verbose=1
/usr/bin/cc  -arch x86_64  -DCHECK_FUNCTION_EXISTS=jpeg_read_header -isysroot /Applications/Xcode.app/Contents/Developer/Platforms/MacOSX.platform/Developer/SDKs/MacOSX10.10.sdk -mmacosx-version-min=10.5 -Wl,-search_paths_first -Wl,-headerpad_max_install_names  -L/Users/tbgunter/anaconda/envs/_build/lib -arch x86_64 CMakeFiles/cmTryCompileExec1772402341.dir/CheckFunctionExists.c.o  -o cmTryCompileExec1772402341  /usr/local/lib/libjpeg.dylib 


Determining if the include file sys/types.h exists passed with the following output:
Change Dir: /Users/tbgunter/anaconda/conda-bld/work/dlib-18.16/build/CMakeFiles/CMakeTmp

Run Build Command:"/usr/bin/make" "cmTryCompileExec2355631217/fast"
/Applications/Xcode.app/Contents/Developer/usr/bin/make -f CMakeFiles/cmTryCompileExec2355631217.dir/build.make CMakeFiles/cmTryCompileExec2355631217.dir/build
/usr/local/Cellar/cmake/3.1.3/bin/cmake -E cmake_progress_report /Users/tbgunter/anaconda/conda-bld/work/dlib-18.16/build/CMakeFiles/CMakeTmp/CMakeFiles 1
Building C object CMakeFiles/cmTryCompileExec2355631217.dir/CheckIncludeFile.c.o
/usr/bin/cc   -arch x86_64   -isysroot /Applications/Xcode.app/Contents/Developer/Platforms/MacOSX.platform/Developer/SDKs/MacOSX10.10.sdk -mmacosx-version-min=10.5 -fPIE   -o CMakeFiles/cmTryCompileExec2355631217.dir/CheckIncludeFile.c.o   -c /Users/tbgunter/anaconda/conda-bld/work/dlib-18.16/build/CMakeFiles/CMakeTmp/CheckIncludeFile.c
Linking C executable cmTryCompileExec2355631217
/usr/local/Cellar/cmake/3.1.3/bin/cmake -E cmake_link_script CMakeFiles/cmTryCompileExec2355631217.dir/link.txt --verbose=1
/usr/bin/cc  -arch x86_64   -isysroot /Applications/Xcode.app/Contents/Developer/Platforms/MacOSX.platform/Developer/SDKs/MacOSX10.10.sdk -mmacosx-version-min=10.5 -Wl,-search_paths_first -Wl,-headerpad_max_install_names  -L/Users/tbgunter/anaconda/envs/_build/lib -arch x86_64 CMakeFiles/cmTryCompileExec2355631217.dir/CheckIncludeFile.c.o  -o cmTryCompileExec2355631217  


Determining if the include file stdint.h exists passed with the following output:
Change Dir: /Users/tbgunter/anaconda/conda-bld/work/dlib-18.16/build/CMakeFiles/CMakeTmp

Run Build Command:"/usr/bin/make" "cmTryCompileExec3706791431/fast"
/Applications/Xcode.app/Contents/Developer/usr/bin/make -f CMakeFiles/cmTryCompileExec3706791431.dir/build.make CMakeFiles/cmTryCompileExec3706791431.dir/build
/usr/local/Cellar/cmake/3.1.3/bin/cmake -E cmake_progress_report /Users/tbgunter/anaconda/conda-bld/work/dlib-18.16/build/CMakeFiles/CMakeTmp/CMakeFiles 1
Building C object CMakeFiles/cmTryCompileExec3706791431.dir/CheckIncludeFile.c.o
/usr/bin/cc   -arch x86_64   -isysroot /Applications/Xcode.app/Contents/Developer/Platforms/MacOSX.platform/Developer/SDKs/MacOSX10.10.sdk -mmacosx-version-min=10.5 -fPIE   -o CMakeFiles/cmTryCompileExec3706791431.dir/CheckIncludeFile.c.o   -c /Users/tbgunter/anaconda/conda-bld/work/dlib-18.16/build/CMakeFiles/CMakeTmp/CheckIncludeFile.c
Linking C executable cmTryCompileExec3706791431
/usr/local/Cellar/cmake/3.1.3/bin/cmake -E cmake_link_script CMakeFiles/cmTryCompileExec3706791431.dir/link.txt --verbose=1
/usr/bin/cc  -arch x86_64   -isysroot /Applications/Xcode.app/Contents/Developer/Platforms/MacOSX.platform/Developer/SDKs/MacOSX10.10.sdk -mmacosx-version-min=10.5 -Wl,-search_paths_first -Wl,-headerpad_max_install_names  -L/Users/tbgunter/anaconda/envs/_build/lib -arch x86_64 CMakeFiles/cmTryCompileExec3706791431.dir/CheckIncludeFile.c.o  -o cmTryCompileExec3706791431  


Determining if the include file stddef.h exists passed with the following output:
Change Dir: /Users/tbgunter/anaconda/conda-bld/work/dlib-18.16/build/CMakeFiles/CMakeTmp

Run Build Command:"/usr/bin/make" "cmTryCompileExec2964795014/fast"
/Applications/Xcode.app/Contents/Developer/usr/bin/make -f CMakeFiles/cmTryCompileExec2964795014.dir/build.make CMakeFiles/cmTryCompileExec2964795014.dir/build
/usr/local/Cellar/cmake/3.1.3/bin/cmake -E cmake_progress_report /Users/tbgunter/anaconda/conda-bld/work/dlib-18.16/build/CMakeFiles/CMakeTmp/CMakeFiles 1
Building C object CMakeFiles/cmTryCompileExec2964795014.dir/CheckIncludeFile.c.o
/usr/bin/cc   -arch x86_64   -isysroot /Applications/Xcode.app/Contents/Developer/Platforms/MacOSX.platform/Developer/SDKs/MacOSX10.10.sdk -mmacosx-version-min=10.5 -fPIE   -o CMakeFiles/cmTryCompileExec2964795014.dir/CheckIncludeFile.c.o   -c /Users/tbgunter/anaconda/conda-bld/work/dlib-18.16/build/CMakeFiles/CMakeTmp/CheckIncludeFile.c
Linking C executable cmTryCompileExec2964795014
/usr/local/Cellar/cmake/3.1.3/bin/cmake -E cmake_link_script CMakeFiles/cmTryCompileExec2964795014.dir/link.txt --verbose=1
/usr/bin/cc  -arch x86_64   -isysroot /Applications/Xcode.app/Contents/Developer/Platforms/MacOSX.platform/Developer/SDKs/MacOSX10.10.sdk -mmacosx-version-min=10.5 -Wl,-search_paths_first -Wl,-headerpad_max_install_names  -L/Users/tbgunter/anaconda/envs/_build/lib -arch x86_64 CMakeFiles/cmTryCompileExec2964795014.dir/CheckIncludeFile.c.o  -o cmTryCompileExec2964795014  


Determining size of void* passed with the following output:
Change Dir: /Users/tbgunter/anaconda/conda-bld/work/dlib-18.16/build/CMakeFiles/CMakeTmp

Run Build Command:"/usr/bin/make" "cmTryCompileExec559869261/fast"
/Applications/Xcode.app/Contents/Developer/usr/bin/make -f CMakeFiles/cmTryCompileExec559869261.dir/build.make CMakeFiles/cmTryCompileExec559869261.dir/build
/usr/local/Cellar/cmake/3.1.3/bin/cmake -E cmake_progress_report /Users/tbgunter/anaconda/conda-bld/work/dlib-18.16/build/CMakeFiles/CMakeTmp/CMakeFiles 1
Building C object CMakeFiles/cmTryCompileExec559869261.dir/SIZE_OF_VOID_PTR.c.o
/usr/bin/cc   -arch x86_64   -isysroot /Applications/Xcode.app/Contents/Developer/Platforms/MacOSX.platform/Developer/SDKs/MacOSX10.10.sdk -mmacosx-version-min=10.5 -fPIE   -o CMakeFiles/cmTryCompileExec559869261.dir/SIZE_OF_VOID_PTR.c.o   -c /Users/tbgunter/anaconda/conda-bld/work/dlib-18.16/build/CMakeFiles/CheckTypeSize/SIZE_OF_VOID_PTR.c
Linking C executable cmTryCompileExec559869261
/usr/local/Cellar/cmake/3.1.3/bin/cmake -E cmake_link_script CMakeFiles/cmTryCompileExec559869261.dir/link.txt --verbose=1
/usr/bin/cc  -arch x86_64   -isysroot /Applications/Xcode.app/Contents/Developer/Platforms/MacOSX.platform/Developer/SDKs/MacOSX10.10.sdk -mmacosx-version-min=10.5 -Wl,-search_paths_first -Wl,-headerpad_max_install_names  -L/Users/tbgunter/anaconda/envs/_build/lib -arch x86_64 CMakeFiles/cmTryCompileExec559869261.dir/SIZE_OF_VOID_PTR.c.o  -o cmTryCompileExec559869261  /usr/local/lib/libjpeg.dylib 


Determining if the function cblas_ddot exists passed with the following output:
Change Dir: /Users/tbgunter/anaconda/conda-bld/work/dlib-18.16/build/CMakeFiles/CMakeTmp

Run Build Command:"/usr/bin/make" "cmTryCompileExec2670253647/fast"
/Applications/Xcode.app/Contents/Developer/usr/bin/make -f CMakeFiles/cmTryCompileExec2670253647.dir/build.make CMakeFiles/cmTryCompileExec2670253647.dir/build
/usr/local/Cellar/cmake/3.1.3/bin/cmake -E cmake_progress_report /Users/tbgunter/anaconda/conda-bld/work/dlib-18.16/build/CMakeFiles/CMakeTmp/CMakeFiles 1
Building C object CMakeFiles/cmTryCompileExec2670253647.dir/CheckFunctionExists.c.o
/usr/bin/cc   -arch x86_64  -DCHECK_FUNCTION_EXISTS=cblas_ddot -isysroot /Applications/Xcode.app/Contents/Developer/Platforms/MacOSX.platform/Developer/SDKs/MacOSX10.10.sdk -mmacosx-version-min=10.5 -fPIE   -o CMakeFiles/cmTryCompileExec2670253647.dir/CheckFunctionExists.c.o   -c /usr/local/Cellar/cmake/3.1.3/share/cmake/Modules/CheckFunctionExists.c
Linking C executable cmTryCompileExec2670253647
/usr/local/Cellar/cmake/3.1.3/bin/cmake -E cmake_link_script CMakeFiles/cmTryCompileExec2670253647.dir/link.txt --verbose=1
/usr/bin/cc  -arch x86_64  -DCHECK_FUNCTION_EXISTS=cblas_ddot -isysroot /Applications/Xcode.app/Contents/Developer/Platforms/MacOSX.platform/Developer/SDKs/MacOSX10.10.sdk -mmacosx-version-min=10.5 -Wl,-search_paths_first -Wl,-headerpad_max_install_names  -L/Users/tbgunter/anaconda/envs/_build/lib -arch x86_64 CMakeFiles/cmTryCompileExec2670253647.dir/CheckFunctionExists.c.o  -o cmTryCompileExec2670253647  /usr/lib/libcblas.dylib 


Determining if the CXX compiler has std namespace passed with the following output:
Change Dir: /Users/tbgunter/anaconda/conda-bld/work/dlib-18.16/build/CMakeFiles/CMakeTmp

Run Build Command:"/usr/bin/make" "cmTryCompileExec1588856285/fast"
/Applications/Xcode.app/Contents/Developer/usr/bin/make -f CMakeFiles/cmTryCompileExec1588856285.dir/build.make CMakeFiles/cmTryCompileExec1588856285.dir/build
/usr/local/Cellar/cmake/3.1.3/bin/cmake -E cmake_progress_report /Users/tbgunter/anaconda/conda-bld/work/dlib-18.16/build/CMakeFiles/CMakeTmp/CMakeFiles 1
Building CXX object CMakeFiles/cmTryCompileExec1588856285.dir/TestForSTDNamespace.cxx.o
/usr/bin/c++    -arch x86_64   -isysroot /Applications/Xcode.app/Contents/Developer/Platforms/MacOSX.platform/Developer/SDKs/MacOSX10.10.sdk -mmacosx-version-min=10.5 -fPIE   -o CMakeFiles/cmTryCompileExec1588856285.dir/TestForSTDNamespace.cxx.o -c /usr/local/Cellar/cmake/3.1.3/share/cmake/Modules/TestForSTDNamespace.cxx
Linking CXX executable cmTryCompileExec1588856285
/usr/local/Cellar/cmake/3.1.3/bin/cmake -E cmake_link_script CMakeFiles/cmTryCompileExec1588856285.dir/link.txt --verbose=1
/usr/bin/c++   -arch x86_64   -isysroot /Applications/Xcode.app/Contents/Developer/Platforms/MacOSX.platform/Developer/SDKs/MacOSX10.10.sdk -mmacosx-version-min=10.5 -Wl,-search_paths_first -Wl,-headerpad_max_install_names  -L/Users/tbgunter/anaconda/envs/_build/lib -arch x86_64 CMakeFiles/cmTryCompileExec1588856285.dir/TestForSTDNamespace.cxx.o  -o cmTryCompileExec1588856285  


Determining if the include file iostream exists passed with the following output:
Change Dir: /Users/tbgunter/anaconda/conda-bld/work/dlib-18.16/build/CMakeFiles/CMakeTmp

Run Build Command:"/usr/bin/make" "cmTryCompileExec2894703778/fast"
/Applications/Xcode.app/Contents/Developer/usr/bin/make -f CMakeFiles/cmTryCompileExec2894703778.dir/build.make CMakeFiles/cmTryCompileExec2894703778.dir/build
/usr/local/Cellar/cmake/3.1.3/bin/cmake -E cmake_progress_report /Users/tbgunter/anaconda/conda-bld/work/dlib-18.16/build/CMakeFiles/CMakeTmp/CMakeFiles 1
Building CXX object CMakeFiles/cmTryCompileExec2894703778.dir/CheckIncludeFile.cxx.o
/usr/bin/c++    -arch x86_64   -isysroot /Applications/Xcode.app/Contents/Developer/Platforms/MacOSX.platform/Developer/SDKs/MacOSX10.10.sdk -mmacosx-version-min=10.5 -fPIE   -o CMakeFiles/cmTryCompileExec2894703778.dir/CheckIncludeFile.cxx.o -c /Users/tbgunter/anaconda/conda-bld/work/dlib-18.16/build/CMakeFiles/CMakeTmp/CheckIncludeFile.cxx
Linking CXX executable cmTryCompileExec2894703778
/usr/local/Cellar/cmake/3.1.3/bin/cmake -E cmake_link_script CMakeFiles/cmTryCompileExec2894703778.dir/link.txt --verbose=1
/usr/bin/c++   -arch x86_64   -isysroot /Applications/Xcode.app/Contents/Developer/Platforms/MacOSX.platform/Developer/SDKs/MacOSX10.10.sdk -mmacosx-version-min=10.5 -Wl,-search_paths_first -Wl,-headerpad_max_install_names  -L/Users/tbgunter/anaconda/envs/_build/lib -arch x86_64 CMakeFiles/cmTryCompileExec2894703778.dir/CheckIncludeFile.cxx.o  -o cmTryCompileExec2894703778  


